#
# There is insufficient memory for the Java Runtime Environment to continue.
# Native memory allocation (malloc) failed to allocate 1048576 bytes for AllocateHeap
# Possible reasons:
#   The system is out of physical RAM or swap space
#   The process is running with CompressedOops enabled, and the Java Heap may be blocking the growth of the native heap
# Possible solutions:
#   Reduce memory load on the system
#   Increase physical memory or swap space
#   Check if swap backing store is full
#   Decrease Java heap size (-Xmx/-Xms)
#   Decrease number of Java threads
#   Decrease Java thread stack sizes (-Xss)
#   Set larger code cache with -XX:ReservedCodeCacheSize=
#   JVM is running with Unscaled Compressed Oops mode in which the Java heap is
#     placed in the first 4GB address space. The Java Heap base address is the
#     maximum limit for the native heap growth. Please use -XX:HeapBaseMinAddress
#     to set the Java Heap base and to place the Java Heap above 4GB virtual address.
# This output file may be truncated or incomplete.
#
#  Out of Memory Error (memory/allocation.inline.hpp:61), pid=9620, tid=0x0000000000001344
#
# JRE version:  (8.0_271-b09) (build )
# Java VM: Java HotSpot(TM) 64-Bit Server VM (25.271-b09 mixed mode windows-amd64 compressed oops)
# Failed to write core dump. Minidumps are not enabled by default on client versions of Windows
#

---------------  T H R E A D  ---------------

Current thread (0x0000019544756000):  JavaThread "Unknown thread" [_thread_in_vm, id=4932, stack(0x000000746e800000,0x000000746e900000)]

Stack: [0x000000746e800000,0x000000746e900000]
Native frames: (J=compiled Java code, j=interpreted, Vv=VM code, C=native code)
V  [jvm.dll+0x33f6c9]
V  [jvm.dll+0x286122]
V  [jvm.dll+0x286dcd]
V  [jvm.dll+0x27d805]
V  [jvm.dll+0x1565d]
V  [jvm.dll+0x3d98d8]
V  [jvm.dll+0x3da5ca]
V  [jvm.dll+0x3d6637]
V  [jvm.dll+0x10cfff]
V  [jvm.dll+0x21ab2b]
V  [jvm.dll+0x2494e7]
V  [jvm.dll+0x172a76]
C  [java.exe+0x2312]
C  [java.exe+0x15f54]
C  [KERNEL32.DLL+0x17034]
C  [ntdll.dll+0x4d0d1]


---------------  P R O C E S S  ---------------

Java Threads: ( => current thread )

Other Threads:

=>0x0000019544756000 (exited) JavaThread "Unknown thread" [_thread_in_vm, id=4932, stack(0x000000746e800000,0x000000746e900000)]

VM state:not at safepoint (normal execution)

VM Mutex/Monitor currently owned by a thread: None

heap address: 0x0000000082600000, size: 2010 MB, Compressed Oops mode: 32-bit
Narrow klass base: 0x0000000000000000, Narrow klass shift: 3
Compressed class space size: 1073741824 Address: 0x0000000100000000

Heap:
 PSYoungGen      total 37888K, used 655K [0x00000000d6200000, 0x00000000d8c00000, 0x0000000100000000)
  eden space 32768K, 2% used [0x00000000d6200000,0x00000000d62a3d80,0x00000000d8200000)
  from space 5120K, 0% used [0x00000000d8700000,0x00000000d8700000,0x00000000d8c00000)
  to   space 5120K, 0% used [0x00000000d8200000,0x00000000d8200000,0x00000000d8700000)
 ParOldGen       total 86016K, used 0K [0x0000000082600000, 0x0000000087a00000, 0x00000000d6200000)
  object space 86016K, 0% used [0x0000000082600000,0x0000000082600000,0x0000000087a00000)
 Metaspace       used 776K, capacity 4480K, committed 4480K, reserved 1056768K
  class space    used 76K, capacity 384K, committed 384K, reserved 1048576K

Card table byte_map: [0x0000019555480000,0x0000019555870000] byte_map_base: 0x000001955506d000

Marking Bits: (ParMarkBitMap*) 0x0000000074697fe0
 Begin Bits: [0x0000019555b10000, 0x0000019557a78000)
 End Bits:   [0x0000019557a78000, 0x00000195599e0000)

Polling page: 0x00000195448e0000

CodeCache: size=245760Kb used=328Kb max_used=328Kb free=245431Kb
 bounds [0x00000195460c0000, 0x0000019546330000, 0x00000195550c0000]
 total_blobs=58 nmethods=0 adapters=38
 compilation: enabled

Compilation events (0 events):
No events

GC Heap History (0 events):
No events

Deoptimization events (0 events):
No events

Classes redefined (0 events):
No events

Internal exceptions (0 events):
No events

Events (10 events):
Event: 0.030 loading class java/lang/Short
Event: 0.030 loading class java/lang/Short done
Event: 0.030 loading class java/lang/Integer
Event: 0.030 loading class java/lang/Integer done
Event: 0.030 loading class java/lang/Long
Event: 0.030 loading class java/lang/Long done
Event: 0.031 loading class java/lang/NullPointerException
Event: 0.031 loading class java/lang/NullPointerException done
Event: 0.031 loading class java/lang/ArithmeticException
Event: 0.031 loading class java/lang/ArithmeticException done


Dynamic libraries:
0x00007ff750e00000 - 0x00007ff750e47000 	D:\Java\jdk-8u271\bin\java.exe
0x00007ffe5e3d0000 - 0x00007ffe5e5c6000 	C:\WINDOWS\SYSTEM32\ntdll.dll
0x00007ffe5d500000 - 0x00007ffe5d5bd000 	C:\WINDOWS\System32\KERNEL32.DLL
0x00007ffe5bc60000 - 0x00007ffe5bf29000 	C:\WINDOWS\System32\KERNELBASE.dll
0x00007ffe5ce50000 - 0x00007ffe5cefc000 	C:\WINDOWS\System32\ADVAPI32.dll
0x00007ffe5cd90000 - 0x00007ffe5ce2e000 	C:\WINDOWS\System32\msvcrt.dll
0x00007ffe5cf10000 - 0x00007ffe5cfac000 	C:\WINDOWS\System32\sechost.dll
0x00007ffe5d310000 - 0x00007ffe5d43b000 	C:\WINDOWS\System32\RPCRT4.dll
0x00007ffe5e1f0000 - 0x00007ffe5e390000 	C:\WINDOWS\System32\USER32.dll
0x00007ffe5c010000 - 0x00007ffe5c032000 	C:\WINDOWS\System32\win32u.dll
0x00007ffe5c640000 - 0x00007ffe5c66a000 	C:\WINDOWS\System32\GDI32.dll
0x00007ffe5c040000 - 0x00007ffe5c149000 	C:\WINDOWS\System32\gdi32full.dll
0x00007ffe5c150000 - 0x00007ffe5c1ed000 	C:\WINDOWS\System32\msvcp_win.dll
0x00007ffe5bb60000 - 0x00007ffe5bc60000 	C:\WINDOWS\System32\ucrtbase.dll
0x00007ffe4c080000 - 0x00007ffe4c31b000 	C:\WINDOWS\WinSxS\amd64_microsoft.windows.common-controls_6595b64144ccf1df_6.0.19041.488_none_ca04af081b815d21\COMCTL32.dll
0x00007ffe5d760000 - 0x00007ffe5d790000 	C:\WINDOWS\System32\IMM32.DLL
0x00007ffe56210000 - 0x00007ffe56225000 	D:\Java\jdk-8u271\jre\bin\vcruntime140.dll
0x00007ffe3a600000 - 0x00007ffe3a69b000 	D:\Java\jdk-8u271\jre\bin\msvcp140.dll
0x0000000073ea0000 - 0x000000007470f000 	D:\Java\jdk-8u271\jre\bin\server\jvm.dll
0x00007ffe5cba0000 - 0x00007ffe5cba8000 	C:\WINDOWS\System32\PSAPI.DLL
0x00007ffe4dcc0000 - 0x00007ffe4dce7000 	C:\WINDOWS\SYSTEM32\WINMM.dll
0x00007ffe54360000 - 0x00007ffe5436a000 	C:\WINDOWS\SYSTEM32\VERSION.dll
0x00007ffe4a240000 - 0x00007ffe4a249000 	C:\WINDOWS\SYSTEM32\WSOCK32.dll
0x00007ffe5e180000 - 0x00007ffe5e1eb000 	C:\WINDOWS\System32\WS2_32.dll
0x00007ffe5a420000 - 0x00007ffe5a432000 	C:\WINDOWS\SYSTEM32\kernel.appcore.dll
0x00007ffe56240000 - 0x00007ffe56250000 	D:\Java\jdk-8u271\jre\bin\verify.dll
0x00007ffe561e0000 - 0x00007ffe5620b000 	D:\Java\jdk-8u271\jre\bin\java.dll
0x00007ffe55ef0000 - 0x00007ffe55f08000 	D:\Java\jdk-8u271\jre\bin\zip.dll
0x00007ffe58f80000 - 0x00007ffe59164000 	C:\WINDOWS\SYSTEM32\dbghelp.dll
0x00007ffe5c3b0000 - 0x00007ffe5c430000 	C:\WINDOWS\System32\bcryptPrimitives.dll

VM Arguments:
jvm_args: -Djava.util.logging.config.file=C:\Users\HEYUANFLY\AppData\Local\JetBrains\IntelliJIdea2020.3\tomcat\bf35d517-752a-4c67-8f7d-236997fe016a\conf\logging.properties -Djava.util.logging.manager=org.apache.juli.ClassLoaderLogManager -Djdk.tls.ephemeralDHKeySize=2048 -Djava.protocol.handler.pkgs=org.apache.catalina.webresources -Dignore.endorsed.dirs= -Dcatalina.base=C:\Users\HEYUANFLY\AppData\Local\JetBrains\IntelliJIdea2020.3\tomcat\bf35d517-752a-4c67-8f7d-236997fe016a -Dcatalina.home=D:\HouDuan\apache-tomcat-8.5.60 -Djava.io.tmpdir=D:\HouDuan\apache-tomcat-8.5.60\temp 
java_command: org.apache.catalina.startup.Bootstrap stop
java_class_path (initial): D:\HouDuan\apache-tomcat-8.5.60\bin\bootstrap.jar;D:\HouDuan\apache-tomcat-8.5.60\bin\tomcat-juli.jar
Launcher Type: SUN_STANDARD

Environment Variables:
JAVA_HOME=D:\Java\jdk-8u271
JRE_HOME=D:\Java\jdk-8u271
CLASSPATH=D:\HouDuan\apache-tomcat-8.5.60\bin\bootstrap.jar;D:\HouDuan\apache-tomcat-8.5.60\bin\tomcat-juli.jar
USERNAME=HEYUANFLY
OS=Windows_NT
PROCESSOR_IDENTIFIER=Intel64 Family 6 Model 142 Stepping 11, GenuineIntel



---------------  S Y S T E M  ---------------

OS: Windows 10.0 , 64 bit Build 19041 (10.0.19041.662)

CPU:total 8 (initial active 8) (4 cores per cpu, 2 threads per core) family 6 model 142 stepping 11, cmov, cx8, fxsr, mmx, sse, sse2, sse3, ssse3, sse4.1, sse4.2, popcnt, avx, avx2, aes, clmul, erms, 3dnowpref, lzcnt, ht, tsc, tscinvbit, bmi1, bmi2, adx

Memory: 4k page, physical 8230708k(498124k free), swap 18716464k(2792k free)

vm_info: Java HotSpot(TM) 64-Bit Server VM (25.271-b09) for windows-amd64 JRE (1.8.0_271-b09), built on Sep 16 2020 19:14:59 by "" with MS VC++ 15.9 (VS2017)

time: Thu Jan  7 21:44:51 2021
timezone: 中国标准时间
elapsed time: 0.073274 seconds (0d 0h 0m 0s)

