#
# There is insufficient memory for the Java Runtime Environment to continue.
# Native memory allocation (malloc) failed to allocate 131088 bytes for Chunk::new
# Possible reasons:
#   The system is out of physical RAM or swap space
#   The process is running with CompressedOops enabled, and the Java Heap may be blocking the growth of the native heap
# Possible solutions:
#   Reduce memory load on the system
#   Increase physical memory or swap space
#   Check if swap backing store is full
#   Decrease Java heap size (-Xmx/-Xms)
#   Decrease number of Java threads
#   Decrease Java thread stack sizes (-Xss)
#   Set larger code cache with -XX:ReservedCodeCacheSize=
#   JVM is running with Unscaled Compressed Oops mode in which the Java heap is
#     placed in the first 4GB address space. The Java Heap base address is the
#     maximum limit for the native heap growth. Please use -XX:HeapBaseMinAddress
#     to set the Java Heap base and to place the Java Heap above 4GB virtual address.
# This output file may be truncated or incomplete.
#
#  Out of Memory Error (allocation.cpp:389), pid=15472, tid=0x0000000000003150
#
# JRE version: Java(TM) SE Runtime Environment (8.0_271-b09) (build 1.8.0_271-b09)
# Java VM: Java HotSpot(TM) 64-Bit Server VM (25.271-b09 mixed mode windows-amd64 compressed oops)
# Failed to write core dump. Minidumps are not enabled by default on client versions of Windows
#

---------------  T H R E A D  ---------------

Current thread (0x00000175d28b2000):  JavaThread "C2 CompilerThread0" daemon [_thread_in_native, id=12624, stack(0x0000001c3ab00000,0x0000001c3ac00000)]

Stack: [0x0000001c3ab00000,0x0000001c3ac00000]
Native frames: (J=compiled Java code, j=interpreted, Vv=VM code, C=native code)
V  [jvm.dll+0x33f6c9]


Current CompileTask:
C2:  14246 2454       4       org.apache.catalina.startup.ContextConfig::populateSCIsForCacheEntry (202 bytes)


---------------  P R O C E S S  ---------------

Java Threads: ( => current thread )
  0x00000175d55ae800 JavaThread "localhost-startStop-1" daemon [_thread_in_Java, id=14140, stack(0x0000001c3ba00000,0x0000001c3bb00000)]
  0x00000175d55ac800 JavaThread "RMI TCP Connection(5)-127.0.0.1" daemon [_thread_in_native, id=16120, stack(0x0000001c3cb00000,0x0000001c3cc00000)]
  0x00000175d55b1000 JavaThread "http-nio-8081-AsyncTimeout" daemon [_thread_blocked, id=17812, stack(0x0000001c3c900000,0x0000001c3ca00000)]
  0x00000175d55aa800 JavaThread "http-nio-8081-Acceptor-0" daemon [_thread_in_native, id=12300, stack(0x0000001c3c800000,0x0000001c3c900000)]
  0x00000175d55b1800 JavaThread "http-nio-8081-ClientPoller-1" daemon [_thread_in_native, id=18444, stack(0x0000001c3c700000,0x0000001c3c800000)]
  0x00000175d55b0000 JavaThread "http-nio-8081-ClientPoller-0" daemon [_thread_in_native, id=7260, stack(0x0000001c3c600000,0x0000001c3c700000)]
  0x00000175d55aa000 JavaThread "http-nio-8081-exec-10" daemon [_thread_blocked, id=10668, stack(0x0000001c3c500000,0x0000001c3c600000)]
  0x00000175d55af800 JavaThread "http-nio-8081-exec-9" daemon [_thread_blocked, id=8556, stack(0x0000001c3c400000,0x0000001c3c500000)]
  0x00000175d5607800 JavaThread "http-nio-8081-exec-8" daemon [_thread_blocked, id=8132, stack(0x0000001c3c300000,0x0000001c3c400000)]
  0x00000175d560d800 JavaThread "http-nio-8081-exec-7" daemon [_thread_blocked, id=13732, stack(0x0000001c3c200000,0x0000001c3c300000)]
  0x00000175d560c000 JavaThread "http-nio-8081-exec-6" daemon [_thread_blocked, id=10832, stack(0x0000001c3c100000,0x0000001c3c200000)]
  0x00000175d5609000 JavaThread "http-nio-8081-exec-5" daemon [_thread_blocked, id=16716, stack(0x0000001c3c000000,0x0000001c3c100000)]
  0x00000175d5606800 JavaThread "http-nio-8081-exec-4" daemon [_thread_blocked, id=932, stack(0x0000001c3bf00000,0x0000001c3c000000)]
  0x00000175d5608000 JavaThread "http-nio-8081-exec-3" daemon [_thread_blocked, id=17044, stack(0x0000001c3be00000,0x0000001c3bf00000)]
  0x00000175d560b000 JavaThread "http-nio-8081-exec-2" daemon [_thread_blocked, id=10996, stack(0x0000001c3bd00000,0x0000001c3be00000)]
  0x00000175d560a800 JavaThread "http-nio-8081-exec-1" daemon [_thread_blocked, id=13684, stack(0x0000001c3bc00000,0x0000001c3bd00000)]
  0x00000175d5609800 JavaThread "ContainerBackgroundProcessor[StandardEngine[Catalina]]" daemon [_thread_blocked, id=18192, stack(0x0000001c3bb00000,0x0000001c3bc00000)]
  0x00000175d54c4000 JavaThread "NioBlockingSelector.BlockPoller-0" daemon [_thread_in_native, id=944, stack(0x0000001c3b900000,0x0000001c3ba00000)]
  0x00000175d4b8f800 JavaThread "GC Daemon" daemon [_thread_blocked, id=8400, stack(0x0000001c3b800000,0x0000001c3b900000)]
  0x00000175d52b4800 JavaThread "RMI TCP Connection(idle)" daemon [_thread_blocked, id=3904, stack(0x0000001c3b700000,0x0000001c3b800000)]
  0x00000175d524c800 JavaThread "RMI Scheduler(0)" daemon [_thread_blocked, id=15372, stack(0x0000001c3b600000,0x0000001c3b700000)]
  0x00000175d4af7000 JavaThread "RMI TCP Connection(2)-127.0.0.1" daemon [_thread_in_native, id=17028, stack(0x0000001c3b500000,0x0000001c3b600000)]
  0x00000175d4511800 JavaThread "RMI TCP Accept-0" daemon [_thread_in_native, id=5192, stack(0x0000001c3b300000,0x0000001c3b400000)]
  0x00000175d3e22000 JavaThread "RMI TCP Accept-1099" daemon [_thread_in_native, id=4380, stack(0x0000001c3b200000,0x0000001c3b300000)]
  0x00000175d3e21000 JavaThread "RMI TCP Accept-0" daemon [_thread_in_native, id=18572, stack(0x0000001c3b100000,0x0000001c3b200000)]
  0x00000175d3d77800 JavaThread "AsyncFileHandlerWriter-1625635731" daemon [_thread_blocked, id=228, stack(0x0000001c3b000000,0x0000001c3b100000)]
  0x00000175d28ce800 JavaThread "Service Thread" daemon [_thread_blocked, id=12012, stack(0x0000001c3af00000,0x0000001c3b000000)]
  0x00000175d28c2000 JavaThread "C1 CompilerThread3" daemon [_thread_blocked, id=12124, stack(0x0000001c3ae00000,0x0000001c3af00000)]
  0x00000175d28b8000 JavaThread "C2 CompilerThread2" daemon [_thread_blocked, id=3660, stack(0x0000001c3ad00000,0x0000001c3ae00000)]
  0x00000175d28b6000 JavaThread "C2 CompilerThread1" daemon [_thread_blocked, id=11312, stack(0x0000001c3ac00000,0x0000001c3ad00000)]
=>0x00000175d28b2000 JavaThread "C2 CompilerThread0" daemon [_thread_in_native, id=12624, stack(0x0000001c3ab00000,0x0000001c3ac00000)]
  0x00000175d285c800 JavaThread "Attach Listener" daemon [_thread_blocked, id=15680, stack(0x0000001c3aa00000,0x0000001c3ab00000)]
  0x00000175d2842800 JavaThread "Signal Dispatcher" daemon [_thread_blocked, id=15964, stack(0x0000001c3a900000,0x0000001c3aa00000)]
  0x00000175d282d800 JavaThread "Finalizer" daemon [_thread_blocked, id=14652, stack(0x0000001c3a800000,0x0000001c3a900000)]
  0x00000175d281c800 JavaThread "Reference Handler" daemon [_thread_blocked, id=15796, stack(0x0000001c3a700000,0x0000001c3a800000)]
  0x00000175bbbba800 JavaThread "main" [_thread_in_native, id=8912, stack(0x0000001c39d00000,0x0000001c39e00000)]

Other Threads:
  0x00000175d27f4800 VMThread [stack: 0x0000001c3a600000,0x0000001c3a700000] [id=18164]
  0x00000175d4564000 WatcherThread [stack: 0x0000001c3b400000,0x0000001c3b500000] [id=15228]

VM state:not at safepoint (normal execution)

VM Mutex/Monitor currently owned by a thread: None

heap address: 0x0000000082600000, size: 2010 MB, Compressed Oops mode: 32-bit
Narrow klass base: 0x0000000000000000, Narrow klass shift: 3
Compressed class space size: 1073741824 Address: 0x0000000100000000

Heap:
 PSYoungGen      total 228352K, used 70174K [0x00000000d6200000, 0x00000000edb00000, 0x0000000100000000)
  eden space 205312K, 22% used [0x00000000d6200000,0x00000000d900d408,0x00000000e2a80000)
  from space 23040K, 99% used [0x00000000e2a80000,0x00000000e40fa680,0x00000000e4100000)
  to   space 28672K, 0% used [0x00000000ebf00000,0x00000000ebf00000,0x00000000edb00000)
 ParOldGen       total 86016K, used 47813K [0x0000000082600000, 0x0000000087a00000, 0x00000000d6200000)
  object space 86016K, 55% used [0x0000000082600000,0x00000000854b1518,0x0000000087a00000)
 Metaspace       used 19562K, capacity 19956K, committed 20224K, reserved 1067008K
  class space    used 2197K, capacity 2296K, committed 2304K, reserved 1048576K

Card table byte_map: [0x00000175cc9e0000,0x00000175ccdd0000] byte_map_base: 0x00000175cc5cd000

Marking Bits: (ParMarkBitMap*) 0x0000000074697fe0
 Begin Bits: [0x00000175cd070000, 0x00000175cefd8000)
 End Bits:   [0x00000175cefd8000, 0x00000175d0f40000)

Polling page: 0x00000175bbdb0000

CodeCache: size=245760Kb used=8122Kb max_used=9194Kb free=237637Kb
 bounds [0x00000175bd620000, 0x00000175bdf30000, 0x00000175cc620000]
 total_blobs=2558 nmethods=2151 adapters=319
 compilation: enabled

Compilation events (10 events):
Event: 14.145 Thread 0x00000175d28b6000 nmethod 2449 0x00000175bd8e4910 code [0x00000175bd8e4b40, 0x00000175bd8e58c0]
Event: 14.172 Thread 0x00000175d28b2000 2450       4       java.net.URLClassLoader$2::run (5 bytes)
Event: 14.176 Thread 0x00000175d28b2000 nmethod 2450 0x00000175bd798890 code [0x00000175bd798a20, 0x00000175bd798db0]
Event: 14.194 Thread 0x00000175d28b8000 2451   !   4       sun.misc.URLClassPath::check (123 bytes)
Event: 14.195 Thread 0x00000175d28b8000 nmethod 2451 0x00000175bd75f0d0 code [0x00000175bd75f200, 0x00000175bd75f278]
Event: 14.204 Thread 0x00000175d28c2000 2452       3       org.apache.tomcat.util.descriptor.web.WebXml::mergeLifecycleCallback (155 bytes)
Event: 14.205 Thread 0x00000175d28c2000 nmethod 2452 0x00000175bd8ee750 code [0x00000175bd8eea20, 0x00000175bd8effe0]
Event: 14.216 Thread 0x00000175d28b6000 2453       4       java.io.File::<init> (113 bytes)
Event: 14.223 Thread 0x00000175d28b6000 nmethod 2453 0x00000175bd74d2d0 code [0x00000175bd74d480, 0x00000175bd74dc40]
Event: 14.229 Thread 0x00000175d28b2000 2454       4       org.apache.catalina.startup.ContextConfig::populateSCIsForCacheEntry (202 bytes)

GC Heap History (10 events):
Event: 4.283 GC heap before
{Heap before GC invocations=7 (full 0):
 PSYoungGen      total 77312K, used 75628K [0x00000000d6200000, 0x00000000db900000, 0x0000000100000000)
  eden space 65536K, 100% used [0x00000000d6200000,0x00000000da200000,0x00000000da200000)
  from space 11776K, 85% used [0x00000000dad80000,0x00000000db75b240,0x00000000db900000)
  to   space 11776K, 0% used [0x00000000da200000,0x00000000da200000,0x00000000dad80000)
 ParOldGen       total 86016K, used 19040K [0x0000000082600000, 0x0000000087a00000, 0x00000000d6200000)
  object space 86016K, 22% used [0x0000000082600000,0x0000000083898320,0x0000000087a00000)
 Metaspace       used 17768K, capacity 18156K, committed 18304K, reserved 1064960K
  class space    used 1992K, capacity 2092K, committed 2176K, reserved 1048576K
Event: 4.295 GC heap after
Heap after GC invocations=7 (full 0):
 PSYoungGen      total 77312K, used 11330K [0x00000000d6200000, 0x00000000dfb00000, 0x0000000100000000)
  eden space 65536K, 0% used [0x00000000d6200000,0x00000000d6200000,0x00000000da200000)
  from space 11776K, 96% used [0x00000000da200000,0x00000000dad109c8,0x00000000dad80000)
  to   space 12800K, 0% used [0x00000000dee80000,0x00000000dee80000,0x00000000dfb00000)
 ParOldGen       total 86016K, used 23151K [0x0000000082600000, 0x0000000087a00000, 0x00000000d6200000)
  object space 86016K, 26% used [0x0000000082600000,0x0000000083c9be40,0x0000000087a00000)
 Metaspace       used 17768K, capacity 18156K, committed 18304K, reserved 1064960K
  class space    used 1992K, capacity 2092K, committed 2176K, reserved 1048576K
}
Event: 4.867 GC heap before
{Heap before GC invocations=8 (full 0):
 PSYoungGen      total 77312K, used 76866K [0x00000000d6200000, 0x00000000dfb00000, 0x0000000100000000)
  eden space 65536K, 100% used [0x00000000d6200000,0x00000000da200000,0x00000000da200000)
  from space 11776K, 96% used [0x00000000da200000,0x00000000dad109c8,0x00000000dad80000)
  to   space 12800K, 0% used [0x00000000dee80000,0x00000000dee80000,0x00000000dfb00000)
 ParOldGen       total 86016K, used 23151K [0x0000000082600000, 0x0000000087a00000, 0x00000000d6200000)
  object space 86016K, 26% used [0x0000000082600000,0x0000000083c9be40,0x0000000087a00000)
 Metaspace       used 17770K, capacity 18156K, committed 18304K, reserved 1064960K
  class space    used 1992K, capacity 2092K, committed 2176K, reserved 1048576K
Event: 4.878 GC heap after
Heap after GC invocations=8 (full 0):
 PSYoungGen      total 143360K, used 11782K [0x00000000d6200000, 0x00000000dfc00000, 0x0000000100000000)
  eden space 130560K, 0% used [0x00000000d6200000,0x00000000d6200000,0x00000000de180000)
  from space 12800K, 92% used [0x00000000dee80000,0x00000000dfa01a80,0x00000000dfb00000)
  to   space 13312K, 0% used [0x00000000de180000,0x00000000de180000,0x00000000dee80000)
 ParOldGen       total 86016K, used 23645K [0x0000000082600000, 0x0000000087a00000, 0x00000000d6200000)
  object space 86016K, 27% used [0x0000000082600000,0x0000000083d175c0,0x0000000087a00000)
 Metaspace       used 17770K, capacity 18156K, committed 18304K, reserved 1064960K
  class space    used 1992K, capacity 2092K, committed 2176K, reserved 1048576K
}
Event: 5.519 GC heap before
{Heap before GC invocations=9 (full 0):
 PSYoungGen      total 143360K, used 142342K [0x00000000d6200000, 0x00000000dfc00000, 0x0000000100000000)
  eden space 130560K, 100% used [0x00000000d6200000,0x00000000de180000,0x00000000de180000)
  from space 12800K, 92% used [0x00000000dee80000,0x00000000dfa01a80,0x00000000dfb00000)
  to   space 13312K, 0% used [0x00000000de180000,0x00000000de180000,0x00000000dee80000)
 ParOldGen       total 86016K, used 23645K [0x0000000082600000, 0x0000000087a00000, 0x00000000d6200000)
  object space 86016K, 27% used [0x0000000082600000,0x0000000083d175c0,0x0000000087a00000)
 Metaspace       used 17773K, capacity 18156K, committed 18304K, reserved 1064960K
  class space    used 1992K, capacity 2092K, committed 2176K, reserved 1048576K
Event: 5.537 GC heap after
Heap after GC invocations=9 (full 0):
 PSYoungGen      total 143872K, used 13305K [0x00000000d6200000, 0x00000000e5400000, 0x0000000100000000)
  eden space 130560K, 0% used [0x00000000d6200000,0x00000000d6200000,0x00000000de180000)
  from space 13312K, 99% used [0x00000000de180000,0x00000000dee7e428,0x00000000dee80000)
  to   space 19456K, 0% used [0x00000000e4100000,0x00000000e4100000,0x00000000e5400000)
 ParOldGen       total 86016K, used 36259K [0x0000000082600000, 0x0000000087a00000, 0x00000000d6200000)
  object space 86016K, 42% used [0x0000000082600000,0x0000000084968e18,0x0000000087a00000)
 Metaspace       used 17773K, capacity 18156K, committed 18304K, reserved 1064960K
  class space    used 1992K, capacity 2092K, committed 2176K, reserved 1048576K
}
Event: 5.980 GC heap before
{Heap before GC invocations=10 (full 0):
 PSYoungGen      total 143872K, used 143865K [0x00000000d6200000, 0x00000000e5400000, 0x0000000100000000)
  eden space 130560K, 100% used [0x00000000d6200000,0x00000000de180000,0x00000000de180000)
  from space 13312K, 99% used [0x00000000de180000,0x00000000dee7e428,0x00000000dee80000)
  to   space 19456K, 0% used [0x00000000e4100000,0x00000000e4100000,0x00000000e5400000)
 ParOldGen       total 86016K, used 36259K [0x0000000082600000, 0x0000000087a00000, 0x00000000d6200000)
  object space 86016K, 42% used [0x0000000082600000,0x0000000084968e18,0x0000000087a00000)
 Metaspace       used 17869K, capacity 18226K, committed 18560K, reserved 1064960K
  class space    used 1996K, capacity 2093K, committed 2176K, reserved 1048576K
Event: 5.997 GC heap after
Heap after GC invocations=10 (full 0):
 PSYoungGen      total 224768K, used 19451K [0x00000000d6200000, 0x00000000e5b00000, 0x0000000100000000)
  eden space 205312K, 0% used [0x00000000d6200000,0x00000000d6200000,0x00000000e2a80000)
  from space 19456K, 99% used [0x00000000e4100000,0x00000000e53fef50,0x00000000e5400000)
  to   space 23040K, 0% used [0x00000000e2a80000,0x00000000e2a80000,0x00000000e4100000)
 ParOldGen       total 86016K, used 40099K [0x0000000082600000, 0x0000000087a00000, 0x00000000d6200000)
  object space 86016K, 46% used [0x0000000082600000,0x0000000084d28c40,0x0000000087a00000)
 Metaspace       used 17869K, capacity 18226K, committed 18560K, reserved 1064960K
  class space    used 1996K, capacity 2093K, committed 2176K, reserved 1048576K
}
Event: 13.874 GC heap before
{Heap before GC invocations=11 (full 0):
 PSYoungGen      total 224768K, used 224763K [0x00000000d6200000, 0x00000000e5b00000, 0x0000000100000000)
  eden space 205312K, 100% used [0x00000000d6200000,0x00000000e2a80000,0x00000000e2a80000)
  from space 19456K, 99% used [0x00000000e4100000,0x00000000e53fef50,0x00000000e5400000)
  to   space 23040K, 0% used [0x00000000e2a80000,0x00000000e2a80000,0x00000000e4100000)
 ParOldGen       total 86016K, used 40099K [0x0000000082600000, 0x0000000087a00000, 0x00000000d6200000)
  object space 86016K, 46% used [0x0000000082600000,0x0000000084d28c40,0x0000000087a00000)
 Metaspace       used 19561K, capacity 19956K, committed 20224K, reserved 1067008K
  class space    used 2197K, capacity 2296K, committed 2304K, reserved 1048576K
Event: 13.912 GC heap after
Heap after GC invocations=11 (full 0):
 PSYoungGen      total 228352K, used 23017K [0x00000000d6200000, 0x00000000edb00000, 0x0000000100000000)
  eden space 205312K, 0% used [0x00000000d6200000,0x00000000d6200000,0x00000000e2a80000)
  from space 23040K, 99% used [0x00000000e2a80000,0x00000000e40fa680,0x00000000e4100000)
  to   space 28672K, 0% used [0x00000000ebf00000,0x00000000ebf00000,0x00000000edb00000)
 ParOldGen       total 86016K, used 47813K [0x0000000082600000, 0x0000000087a00000, 0x00000000d6200000)
  object space 86016K, 55% used [0x0000000082600000,0x00000000854b1518,0x0000000087a00000)
 Metaspace       used 19561K, capacity 19956K, committed 20224K, reserved 1067008K
  class space    used 2197K, capacity 2296K, committed 2304K, reserved 1048576K
}

Deoptimization events (10 events):
Event: 11.315 Thread 0x00000175d5609800 Uncommon trap: reason=predicate action=maybe_recompile pc=0x00000175bdbb3e3c method=java.util.regex.Pattern$Slice.match(Ljava/util/regex/Matcher;ILjava/lang/CharSequence;)Z @ 21
Event: 11.322 Thread 0x00000175d55ae800 Uncommon trap: reason=unstable_if action=reinterpret pc=0x00000175bd839154 method=java.lang.CharacterDataLatin1.digit(II)I @ 60
Event: 11.324 Thread 0x00000175d55ae800 Uncommon trap: reason=unstable_if action=reinterpret pc=0x00000175bdc229e8 method=com.sun.org.apache.xerces.internal.util.SymbolTable.addSymbol([CII)Ljava/lang/String; @ 64
Event: 11.331 Thread 0x00000175d55ae800 Uncommon trap: reason=unstable_if action=reinterpret pc=0x00000175bdc97704 method=java.lang.String.regionMatches(ZILjava/lang/String;II)Z @ 123
Event: 11.333 Thread 0x00000175d55ae800 Uncommon trap: reason=unstable_if action=reinterpret pc=0x00000175bdc1973c method=com.sun.org.apache.xerces.internal.util.SymbolTable.addSymbol([CII)Ljava/lang/String; @ 64
Event: 11.338 Thread 0x00000175d55ae800 Uncommon trap: reason=bimorphic action=maybe_recompile pc=0x00000175bdd73228 method=java.util.AbstractCollection.addAll(Ljava/util/Collection;)Z @ 3
Event: 11.354 Thread 0x00000175d55ae800 Uncommon trap: reason=unstable_if action=reinterpret pc=0x00000175bdbee534 method=com.sun.org.apache.xerces.internal.impl.XMLEntityScanner.scanContent(Lcom/sun/org/apache/xerces/internal/xni/XMLString;)I @ 670
Event: 11.367 Thread 0x00000175d55ae800 Uncommon trap: reason=null_check action=make_not_entrant pc=0x00000175bdb13ab8 method=java.lang.StringCoding.deref(Ljava/lang/ThreadLocal;)Ljava/lang/Object; @ 4
Event: 11.419 Thread 0x00000175d55ae800 Uncommon trap: reason=unstable_if action=reinterpret pc=0x00000175bddbfb20 method=org.apache.tomcat.util.bcel.classfile.ClassParser.readClassInfo()V @ 100
Event: 11.419 Thread 0x00000175d55ae800 Uncommon trap: reason=unstable_if action=reinterpret pc=0x00000175bddd4994 method=org.apache.catalina.startup.ContextConfig.populateSCIsForCacheEntry(Lorg/apache/catalina/startup/ContextConfig$JavaClassCacheEntry;Ljava/util/Map;)V @ 33

Classes redefined (0 events):
No events

Internal exceptions (10 events):
Event: 1.656 Thread 0x00000175d52b4800 Exception <a 'java/lang/reflect/InvocationTargetException'> (0x00000000d736f408) thrown at [C:\jenkins\workspace\8-2-build-windows-amd64-cygwin\jdk8u271\605\hotspot\src\share\vm\runtime\reflection.cpp, line 1092]
Event: 1.764 Thread 0x00000175d52b4800 Implicit null exception at 0x00000175bd941ea1 to 0x00000175bd944590
Event: 1.764 Thread 0x00000175d52b4800 Exception <a 'java/lang/NullPointerException'> (0x00000000d7735710) thrown at [C:\jenkins\workspace\8-2-build-windows-amd64-cygwin\jdk8u271\605\hotspot\src\share\vm\runtime\sharedRuntime.cpp, line 609]
Event: 1.764 Thread 0x00000175d52b4800 Implicit null exception at 0x00000175bd941ea1 to 0x00000175bd944590
Event: 1.764 Thread 0x00000175d52b4800 Exception <a 'java/lang/NullPointerException'> (0x00000000d7735ce8) thrown at [C:\jenkins\workspace\8-2-build-windows-amd64-cygwin\jdk8u271\605\hotspot\src\share\vm\runtime\sharedRuntime.cpp, line 609]
Event: 1.780 Thread 0x00000175d52b4800 Exception <a 'java/lang/ClassNotFoundException': org/apache/catalina/webresources/file/Handler> (0x00000000d77dc400) thrown at [C:\jenkins\workspace\8-2-build-windows-amd64-cygwin\jdk8u271\605\hotspot\src\share\vm\classfile\systemDictionary.cpp, line 212]
Event: 1.784 Thread 0x00000175d52b4800 Implicit null exception at 0x00000175bdb5a94f to 0x00000175bdb5d305
Event: 1.828 Thread 0x00000175d52b4800 Exception <a 'java/lang/ClassNotFoundException': org/apache/catalina/webresources/jar/Handler> (0x00000000d7b5e6b8) thrown at [C:\jenkins\workspace\8-2-build-windows-amd64-cygwin\jdk8u271\605\hotspot\src\share\vm\classfile\systemDictionary.cpp, line 212]
Event: 6.182 Thread 0x00000175d52b4800 Exception <a 'java/io/FileNotFoundException'> (0x00000000d8146c50) thrown at [C:\jenkins\workspace\8-2-build-windows-amd64-cygwin\jdk8u271\605\hotspot\src\share\vm\prims\jni.cpp, line 710]
Event: 11.367 Thread 0x00000175d55ae800 Implicit null exception at 0x00000175bdb133cc to 0x00000175bdb13aa9

Events (10 events):
Event: 13.958 Thread 0x00000175d28b8000 flushing nmethod 0x00000175bd74ea50
Event: 13.958 Thread 0x00000175d28b8000 flushing nmethod 0x00000175bd75e990
Event: 13.958 Thread 0x00000175d28b8000 flushing nmethod 0x00000175bd7602d0
Event: 14.195 Thread 0x00000175d28b8000 flushing nmethod 0x00000175bd846bd0
Event: 14.195 Thread 0x00000175d28b8000 flushing nmethod 0x00000175bd847510
Event: 14.195 Thread 0x00000175d28b8000 flushing nmethod 0x00000175bd84e0d0
Event: 14.205 Thread 0x00000175d28c2000 flushing nmethod 0x00000175bd8902d0
Event: 14.205 Thread 0x00000175d28c2000 flushing nmethod 0x00000175bd8932d0
Event: 14.205 Thread 0x00000175d28c2000 flushing nmethod 0x00000175bd8a7910
Event: 14.205 Thread 0x00000175d28c2000 flushing nmethod 0x00000175bd8e2190


Dynamic libraries:
0x00007ff750e00000 - 0x00007ff750e47000 	D:\Java\jdk-8u271\bin\java.exe
0x00007ffe5e3d0000 - 0x00007ffe5e5c6000 	C:\WINDOWS\SYSTEM32\ntdll.dll
0x00007ffe5d500000 - 0x00007ffe5d5bd000 	C:\WINDOWS\System32\KERNEL32.DLL
0x00007ffe5bc60000 - 0x00007ffe5bf29000 	C:\WINDOWS\System32\KERNELBASE.dll
0x00007ffe5ce50000 - 0x00007ffe5cefc000 	C:\WINDOWS\System32\ADVAPI32.dll
0x00007ffe5cd90000 - 0x00007ffe5ce2e000 	C:\WINDOWS\System32\msvcrt.dll
0x00007ffe5cf10000 - 0x00007ffe5cfac000 	C:\WINDOWS\System32\sechost.dll
0x00007ffe5d310000 - 0x00007ffe5d43b000 	C:\WINDOWS\System32\RPCRT4.dll
0x00007ffe5e1f0000 - 0x00007ffe5e390000 	C:\WINDOWS\System32\USER32.dll
0x00007ffe5c010000 - 0x00007ffe5c032000 	C:\WINDOWS\System32\win32u.dll
0x00007ffe5c640000 - 0x00007ffe5c66a000 	C:\WINDOWS\System32\GDI32.dll
0x00007ffe5c040000 - 0x00007ffe5c149000 	C:\WINDOWS\System32\gdi32full.dll
0x00007ffe5c150000 - 0x00007ffe5c1ed000 	C:\WINDOWS\System32\msvcp_win.dll
0x00007ffe5bb60000 - 0x00007ffe5bc60000 	C:\WINDOWS\System32\ucrtbase.dll
0x00007ffe4c080000 - 0x00007ffe4c31b000 	C:\WINDOWS\WinSxS\amd64_microsoft.windows.common-controls_6595b64144ccf1df_6.0.19041.488_none_ca04af081b815d21\COMCTL32.dll
0x00007ffe5d760000 - 0x00007ffe5d790000 	C:\WINDOWS\System32\IMM32.DLL
0x00007ffe537f0000 - 0x00007ffe53805000 	D:\Java\jdk-8u271\jre\bin\vcruntime140.dll
0x00007ffe33bc0000 - 0x00007ffe33c5b000 	D:\Java\jdk-8u271\jre\bin\msvcp140.dll
0x0000000073ea0000 - 0x000000007470f000 	D:\Java\jdk-8u271\jre\bin\server\jvm.dll
0x00007ffe5cba0000 - 0x00007ffe5cba8000 	C:\WINDOWS\System32\PSAPI.DLL
0x00007ffe4a240000 - 0x00007ffe4a249000 	C:\WINDOWS\SYSTEM32\WSOCK32.dll
0x00007ffe4dcc0000 - 0x00007ffe4dce7000 	C:\WINDOWS\SYSTEM32\WINMM.dll
0x00007ffe54360000 - 0x00007ffe5436a000 	C:\WINDOWS\SYSTEM32\VERSION.dll
0x00007ffe5e180000 - 0x00007ffe5e1eb000 	C:\WINDOWS\System32\WS2_32.dll
0x00007ffe5a420000 - 0x00007ffe5a432000 	C:\WINDOWS\SYSTEM32\kernel.appcore.dll
0x00007ffe54f30000 - 0x00007ffe54f40000 	D:\Java\jdk-8u271\jre\bin\verify.dll
0x00007ffe53560000 - 0x00007ffe5358b000 	D:\Java\jdk-8u271\jre\bin\java.dll
0x00007ffe53720000 - 0x00007ffe53738000 	D:\Java\jdk-8u271\jre\bin\zip.dll
0x00007ffe5d9a0000 - 0x00007ffe5e0e2000 	C:\WINDOWS\System32\SHELL32.dll
0x00007ffe59b20000 - 0x00007ffe5a2b5000 	C:\WINDOWS\SYSTEM32\windows.storage.dll
0x00007ffe5cfb0000 - 0x00007ffe5d306000 	C:\WINDOWS\System32\combase.dll
0x00007ffe5b580000 - 0x00007ffe5b5ac000 	C:\WINDOWS\SYSTEM32\Wldp.dll
0x00007ffe5d450000 - 0x00007ffe5d4fe000 	C:\WINDOWS\System32\SHCORE.dll
0x00007ffe5cb40000 - 0x00007ffe5cb95000 	C:\WINDOWS\System32\shlwapi.dll
0x00007ffe5ba40000 - 0x00007ffe5ba66000 	C:\WINDOWS\SYSTEM32\profapi.dll
0x00007ffe54370000 - 0x00007ffe5437d000 	D:\java\jdk-8u271\jre\bin\management.dll
0x00007ffe53400000 - 0x00007ffe5341c000 	D:\java\jdk-8u271\jre\bin\net.dll
0x00007ffe5b300000 - 0x00007ffe5b36a000 	C:\WINDOWS\system32\mswsock.dll
0x00007ffe4d680000 - 0x00007ffe4d693000 	D:\java\jdk-8u271\jre\bin\nio.dll
0x00007ffe2f970000 - 0x00007ffe2f987000 	C:\WINDOWS\system32\napinsp.dll
0x00007ffe2f950000 - 0x00007ffe2f96b000 	C:\WINDOWS\system32\pnrpnsp.dll
0x00007ffe568b0000 - 0x00007ffe568c5000 	C:\WINDOWS\system32\wshbth.dll
0x00007ffe572d0000 - 0x00007ffe572ed000 	C:\WINDOWS\system32\NLAapi.dll
0x00007ffe5afa0000 - 0x00007ffe5afdb000 	C:\WINDOWS\SYSTEM32\IPHLPAPI.DLL
0x00007ffe5aff0000 - 0x00007ffe5b0bb000 	C:\WINDOWS\SYSTEM32\DNSAPI.dll
0x00007ffe5cf00000 - 0x00007ffe5cf08000 	C:\WINDOWS\System32\NSI.dll
0x00007ffe2f930000 - 0x00007ffe2f942000 	C:\WINDOWS\System32\winrnr.dll
0x0000000063560000 - 0x0000000063569000 	C:\Program Files\National Instruments\Shared\mDNS Responder\nimdnsNSP.dll
0x0000000063550000 - 0x000000006355e000 	C:\WINDOWS\SYSTEM32\nimdnsResponder.dll
0x00000000767f0000 - 0x0000000076893000 	C:\WINDOWS\WinSxS\amd64_microsoft.vc90.crt_1fc8b3b9a1e18e3b_9.0.30729.9625_none_08e1c10da83fbc83\MSVCR90.dll
0x00007ffe54330000 - 0x00007ffe5433a000 	C:\Windows\System32\rasadhlp.dll
0x00007ffe4ff60000 - 0x00007ffe4ffdf000 	C:\WINDOWS\System32\fwpuclnt.dll
0x00007ffe5bfe0000 - 0x00007ffe5c007000 	C:\WINDOWS\System32\bcrypt.dll
0x00007ffe5b4d0000 - 0x00007ffe5b4e8000 	C:\WINDOWS\SYSTEM32\CRYPTSP.dll
0x00007ffe5ac20000 - 0x00007ffe5ac54000 	C:\WINDOWS\system32\rsaenh.dll
0x00007ffe5ba00000 - 0x00007ffe5ba2e000 	C:\WINDOWS\SYSTEM32\USERENV.dll
0x00007ffe5c3b0000 - 0x00007ffe5c430000 	C:\WINDOWS\System32\bcryptprimitives.dll
0x00007ffe5b4f0000 - 0x00007ffe5b4fc000 	C:\WINDOWS\SYSTEM32\CRYPTBASE.dll
0x00007ffe52120000 - 0x00007ffe52137000 	C:\WINDOWS\SYSTEM32\dhcpcsvc6.DLL
0x00007ffe52ad0000 - 0x00007ffe52aed000 	C:\WINDOWS\SYSTEM32\dhcpcsvc.DLL
0x0000000180000000 - 0x0000000180282000 	D:\HouDuan\apache-tomcat-9.0.31\bin\tcnative-1.dll
0x00007ffe5c1f0000 - 0x00007ffe5c34d000 	C:\WINDOWS\System32\CRYPT32.dll
0x00007ffe41d90000 - 0x00007ffe41db4000 	D:\java\jdk-8u271\jre\bin\sunec.dll
0x00007ffe533f0000 - 0x00007ffe533fd000 	D:\java\jdk-8u271\jre\bin\sunmscapi.dll
0x00007ffe5b5f0000 - 0x00007ffe5b617000 	C:\WINDOWS\SYSTEM32\ncrypt.dll
0x00007ffe5b5b0000 - 0x00007ffe5b5eb000 	C:\WINDOWS\SYSTEM32\NTASN1.dll

VM Arguments:
jvm_args: -Djava.util.logging.config.file=C:\Users\HEYUANFLY\AppData\Local\JetBrains\IntelliJIdea2020.3\tomcat\73a6b7c5-c7a3-4c96-8d73-2d248b7c22c4\conf\logging.properties -Djava.util.logging.manager=org.apache.juli.ClassLoaderLogManager -Dcom.sun.management.jmxremote= -Dcom.sun.management.jmxremote.port=1099 -Dcom.sun.management.jmxremote.ssl=false -Dcom.sun.management.jmxremote.password.file=C:\Users\HEYUANFLY\AppData\Local\JetBrains\IntelliJIdea2020.3\tomcat\73a6b7c5-c7a3-4c96-8d73-2d248b7c22c4\jmxremote.password -Dcom.sun.management.jmxremote.access.file=C:\Users\HEYUANFLY\AppData\Local\JetBrains\IntelliJIdea2020.3\tomcat\73a6b7c5-c7a3-4c96-8d73-2d248b7c22c4\jmxremote.access -Djava.rmi.server.hostname=127.0.0.1 -Djdk.tls.ephemeralDHKeySize=2048 -Djava.protocol.handler.pkgs=org.apache.catalina.webresources -Dignore.endorsed.dirs= -Dcatalina.base=C:\Users\HEYUANFLY\AppData\Local\JetBrains\IntelliJIdea2020.3\tomcat\73a6b7c5-c7a3-4c96-8d73-2d248b7c22c4 -Dcatalina.home=D:\HouDuan\apache-tomcat-8.5.60 -Djava.io.tmpdir=D:\HouDuan\apache-tomcat-8.5.60\temp 
java_command: org.apache.catalina.startup.Bootstrap start
java_class_path (initial): D:\HouDuan\apache-tomcat-8.5.60\bin\bootstrap.jar;D:\HouDuan\apache-tomcat-8.5.60\bin\tomcat-juli.jar
Launcher Type: SUN_STANDARD

Environment Variables:
JAVA_HOME=D:\Java\jdk-8u271
JRE_HOME=D:\Java\jdk-8u271
CLASSPATH=D:\HouDuan\apache-tomcat-8.5.60\bin\bootstrap.jar;D:\HouDuan\apache-tomcat-8.5.60\bin\tomcat-juli.jar
USERNAME=HEYUANFLY
OS=Windows_NT
PROCESSOR_IDENTIFIER=Intel64 Family 6 Model 142 Stepping 11, GenuineIntel



---------------  S Y S T E M  ---------------

OS: Windows 10.0 , 64 bit Build 19041 (10.0.19041.662)

CPU:total 8 (initial active 8) (4 cores per cpu, 2 threads per core) family 6 model 142 stepping 11, cmov, cx8, fxsr, mmx, sse, sse2, sse3, ssse3, sse4.1, sse4.2, popcnt, avx, avx2, aes, clmul, erms, 3dnowpref, lzcnt, ht, tsc, tscinvbit, bmi1, bmi2, adx

Memory: 4k page, physical 8230708k(269500k free), swap 18716464k(1600k free)

vm_info: Java HotSpot(TM) 64-Bit Server VM (25.271-b09) for windows-amd64 JRE (1.8.0_271-b09), built on Sep 16 2020 19:14:59 by "" with MS VC++ 15.9 (VS2017)

time: Thu Jan  7 19:26:52 2021
timezone: 中国标准时间
elapsed time: 14.253035 seconds (0d 0h 0m 14s)

