#
# There is insufficient memory for the Java Runtime Environment to continue.
# Native memory allocation (malloc) failed to allocate 32744 bytes for ChunkPool::allocate
# Possible reasons:
#   The system is out of physical RAM or swap space
#   The process is running with CompressedOops enabled, and the Java Heap may be blocking the growth of the native heap
# Possible solutions:
#   Reduce memory load on the system
#   Increase physical memory or swap space
#   Check if swap backing store is full
#   Decrease Java heap size (-Xmx/-Xms)
#   Decrease number of Java threads
#   Decrease Java thread stack sizes (-Xss)
#   Set larger code cache with -XX:ReservedCodeCacheSize=
#   JVM is running with Unscaled Compressed Oops mode in which the Java heap is
#     placed in the first 4GB address space. The Java Heap base address is the
#     maximum limit for the native heap growth. Please use -XX:HeapBaseMinAddress
#     to set the Java Heap base and to place the Java Heap above 4GB virtual address.
# This output file may be truncated or incomplete.
#
#  Out of Memory Error (allocation.cpp:272), pid=18572, tid=0x00000000000044f4
#
# JRE version: Java(TM) SE Runtime Environment (8.0_271-b09) (build 1.8.0_271-b09)
# Java VM: Java HotSpot(TM) 64-Bit Server VM (25.271-b09 mixed mode windows-amd64 compressed oops)
# Failed to write core dump. Minidumps are not enabled by default on client versions of Windows
#

---------------  T H R E A D  ---------------

Current thread (0x0000021e53229800):  JavaThread "C2 CompilerThread2" daemon [_thread_in_native, id=17652, stack(0x000000d2b7300000,0x000000d2b7400000)]

Stack: [0x000000d2b7300000,0x000000d2b7400000]
Native frames: (J=compiled Java code, j=interpreted, Vv=VM code, C=native code)
V  [jvm.dll+0x33f6c9]
V  [jvm.dll+0x286122]
V  [jvm.dll+0x286dcd]
V  [jvm.dll+0x27d805]
V  [jvm.dll+0xe5bed]
V  [jvm.dll+0xe5f4c]
V  [jvm.dll+0x48319b]
V  [jvm.dll+0x49c710]
V  [jvm.dll+0x49b980]
V  [jvm.dll+0x49c202]
V  [jvm.dll+0x447c45]
V  [jvm.dll+0x450c25]
V  [jvm.dll+0x44ffe5]
V  [jvm.dll+0x43aef7]
V  [jvm.dll+0xbc3eb]
V  [jvm.dll+0xbaa4b]
V  [jvm.dll+0x24e7c2]
V  [jvm.dll+0x2a2dcc]
C  [ucrtbase.dll+0x214c2]
C  [KERNEL32.DLL+0x17034]
C  [ntdll.dll+0x4d0d1]


Current CompileTask:
C2:  13189 2446       4       org.apache.catalina.startup.ContextConfig::populateSCIsForCacheEntry (202 bytes)


---------------  P R O C E S S  ---------------

Java Threads: ( => current thread )
  0x0000021e56626800 JavaThread "localhost-startStop-1" daemon [_thread_blocked, id=16892, stack(0x000000d2b8000000,0x000000d2b8100000)]
  0x0000021e5661a000 JavaThread "http-nio-8081-AsyncTimeout" daemon [_thread_blocked, id=11696, stack(0x000000d2b8f00000,0x000000d2b9000000)]
  0x0000021e56619000 JavaThread "http-nio-8081-Acceptor-0" daemon [_thread_in_native, id=7648, stack(0x000000d2b8e00000,0x000000d2b8f00000)]
  0x0000021e5661b800 JavaThread "http-nio-8081-ClientPoller-1" daemon [_thread_in_native, id=1592, stack(0x000000d2b8d00000,0x000000d2b8e00000)]
  0x0000021e5661a800 JavaThread "http-nio-8081-ClientPoller-0" daemon [_thread_in_native, id=1472, stack(0x000000d2b8c00000,0x000000d2b8d00000)]
  0x0000021e56620000 JavaThread "http-nio-8081-exec-10" daemon [_thread_blocked, id=13496, stack(0x000000d2b8b00000,0x000000d2b8c00000)]
  0x0000021e5661f000 JavaThread "http-nio-8081-exec-9" daemon [_thread_blocked, id=13856, stack(0x000000d2b8a00000,0x000000d2b8b00000)]
  0x0000021e5661e800 JavaThread "http-nio-8081-exec-8" daemon [_thread_blocked, id=17588, stack(0x000000d2b8900000,0x000000d2b8a00000)]
  0x0000021e5661d800 JavaThread "http-nio-8081-exec-7" daemon [_thread_blocked, id=5548, stack(0x000000d2b8800000,0x000000d2b8900000)]
  0x0000021e56618800 JavaThread "http-nio-8081-exec-6" daemon [_thread_blocked, id=12752, stack(0x000000d2b8700000,0x000000d2b8800000)]
  0x0000021e5661d000 JavaThread "http-nio-8081-exec-5" daemon [_thread_blocked, id=9632, stack(0x000000d2b8600000,0x000000d2b8700000)]
  0x0000021e5661c000 JavaThread "http-nio-8081-exec-4" daemon [_thread_blocked, id=14420, stack(0x000000d2b8500000,0x000000d2b8600000)]
  0x0000021e56173800 JavaThread "http-nio-8081-exec-3" daemon [_thread_blocked, id=12644, stack(0x000000d2b8400000,0x000000d2b8500000)]
  0x0000021e56172800 JavaThread "http-nio-8081-exec-2" daemon [_thread_blocked, id=3768, stack(0x000000d2b8300000,0x000000d2b8400000)]
  0x0000021e56172000 JavaThread "http-nio-8081-exec-1" daemon [_thread_blocked, id=11400, stack(0x000000d2b8200000,0x000000d2b8300000)]
  0x0000021e56171000 JavaThread "ContainerBackgroundProcessor[StandardEngine[Catalina]]" daemon [_thread_blocked, id=12932, stack(0x000000d2b8100000,0x000000d2b8200000)]
  0x0000021e568cf000 JavaThread "NioBlockingSelector.BlockPoller-0" daemon [_thread_in_native, id=15228, stack(0x000000d2b7f00000,0x000000d2b8000000)]
  0x0000021e56356800 JavaThread "GC Daemon" daemon [_thread_blocked, id=18884, stack(0x000000d2b7e00000,0x000000d2b7f00000)]
  0x0000021e56314800 JavaThread "RMI Scheduler(0)" daemon [_thread_blocked, id=15948, stack(0x000000d2b7d00000,0x000000d2b7e00000)]
  0x0000021e55c90800 JavaThread "RMI TCP Connection(2)-127.0.0.1" daemon [_thread_in_native, id=17216, stack(0x000000d2b7c00000,0x000000d2b7d00000)]
  0x0000021e55d64000 JavaThread "RMI TCP Connection(3)-127.0.0.1" daemon [_thread_in_native, id=16536, stack(0x000000d2b7b00000,0x000000d2b7c00000)]
  0x0000021e5588e000 JavaThread "RMI TCP Accept-0" daemon [_thread_in_native, id=11672, stack(0x000000d2b7900000,0x000000d2b7a00000)]
  0x0000021e55774800 JavaThread "RMI TCP Accept-1099" daemon [_thread_in_native, id=17616, stack(0x000000d2b7800000,0x000000d2b7900000)]
  0x0000021e552ee000 JavaThread "RMI TCP Accept-0" daemon [_thread_in_native, id=8228, stack(0x000000d2b7700000,0x000000d2b7800000)]
  0x0000021e55140800 JavaThread "AsyncFileHandlerWriter-1625635731" daemon [_thread_blocked, id=12356, stack(0x000000d2b7600000,0x000000d2b7700000)]
  0x0000021e5323e800 JavaThread "Service Thread" daemon [_thread_blocked, id=17792, stack(0x000000d2b7500000,0x000000d2b7600000)]
  0x0000021e53237000 JavaThread "C1 CompilerThread3" daemon [_thread_blocked, id=9968, stack(0x000000d2b7400000,0x000000d2b7500000)]
=>0x0000021e53229800 JavaThread "C2 CompilerThread2" daemon [_thread_in_native, id=17652, stack(0x000000d2b7300000,0x000000d2b7400000)]
  0x0000021e53227000 JavaThread "C2 CompilerThread1" daemon [_thread_blocked, id=9596, stack(0x000000d2b7200000,0x000000d2b7300000)]
  0x0000021e53223000 JavaThread "C2 CompilerThread0" daemon [_thread_in_native, id=12256, stack(0x000000d2b7100000,0x000000d2b7200000)]
  0x0000021e53221000 JavaThread "Attach Listener" daemon [_thread_blocked, id=10440, stack(0x000000d2b7000000,0x000000d2b7100000)]
  0x0000021e531cd000 JavaThread "Signal Dispatcher" daemon [_thread_blocked, id=1428, stack(0x000000d2b6f00000,0x000000d2b7000000)]
  0x0000021e5319b800 JavaThread "Finalizer" daemon [_thread_blocked, id=8344, stack(0x000000d2b6e00000,0x000000d2b6f00000)]
  0x0000021e5318c800 JavaThread "Reference Handler" daemon [_thread_blocked, id=3720, stack(0x000000d2b6d00000,0x000000d2b6e00000)]
  0x0000021e3d0aa800 JavaThread "main" [_thread_in_native, id=632, stack(0x000000d2b6300000,0x000000d2b6400000)]

Other Threads:
  0x0000021e53165000 VMThread [stack: 0x000000d2b6c00000,0x000000d2b6d00000] [id=16220]
  0x0000021e55891800 WatcherThread [stack: 0x000000d2b7a00000,0x000000d2b7b00000] [id=11476]

VM state:not at safepoint (normal execution)

VM Mutex/Monitor currently owned by a thread: None

OutOfMemory and StackOverflow Exception counts:
OutOfMemoryError java_heap_errors=1

heap address: 0x0000000082600000, size: 2010 MB, Compressed Oops mode: 32-bit
Narrow klass base: 0x0000000000000000, Narrow klass shift: 3
Compressed class space size: 1073741824 Address: 0x0000000100000000

Heap:
 PSYoungGen      total 282112K, used 178576K [0x00000000d6200000, 0x00000000e9500000, 0x0000000100000000)
  eden space 253952K, 59% used [0x00000000d6200000,0x00000000df4e6858,0x00000000e5a00000)
  from space 28160K, 99% used [0x00000000e5a00000,0x00000000e757db88,0x00000000e7580000)
  to   space 24064K, 0% used [0x00000000e7580000,0x00000000e7580000,0x00000000e8d00000)
 ParOldGen       total 86016K, used 46230K [0x0000000082600000, 0x0000000087a00000, 0x00000000d6200000)
  object space 86016K, 53% used [0x0000000082600000,0x0000000085325ab8,0x0000000087a00000)
 Metaspace       used 19703K, capacity 20122K, committed 20352K, reserved 1067008K
  class space    used 2204K, capacity 2329K, committed 2432K, reserved 1048576K

Card table byte_map: [0x0000021e4ddf0000,0x0000021e4e1e0000] byte_map_base: 0x0000021e4d9dd000

Marking Bits: (ParMarkBitMap*) 0x0000000074697fe0
 Begin Bits: [0x0000021e4e480000, 0x0000021e503e8000)
 End Bits:   [0x0000021e503e8000, 0x0000021e52350000)

Polling page: 0x0000021e3d1b0000

CodeCache: size=245760Kb used=8434Kb max_used=9355Kb free=237325Kb
 bounds [0x0000021e3ea30000, 0x0000021e3f390000, 0x0000021e4da30000]
 total_blobs=2577 nmethods=2170 adapters=319
 compilation: enabled

Compilation events (10 events):
Event: 13.018 Thread 0x0000021e53237000 nmethod 2523 0x0000021e3eca1950 code [0x0000021e3eca1c40, 0x0000021e3eca3340]
Event: 13.018 Thread 0x0000021e53237000 2524       3       java.math.BigInteger::materialize (16 bytes)
Event: 13.018 Thread 0x0000021e53237000 nmethod 2524 0x0000021e3ee0e290 code [0x0000021e3ee0e3e0, 0x0000021e3ee0e618]
Event: 13.018 Thread 0x0000021e53237000 2522       3       java.lang.StringBuilder::charAt (6 bytes)
Event: 13.018 Thread 0x0000021e53237000 nmethod 2522 0x0000021e3ec8b350 code [0x0000021e3ec8b4c0, 0x0000021e3ec8b7b0]
Event: 13.071 Thread 0x0000021e53227000 nmethod 2511 0x0000021e3ed8a3d0 code [0x0000021e3ed8a860, 0x0000021e3ed8d550]
Event: 13.071 Thread 0x0000021e53227000 2519       4       java.util.Arrays::equals (54 bytes)
Event: 13.073 Thread 0x0000021e53227000 nmethod 2519 0x0000021e3ec1ee10 code [0x0000021e3ec1ef60, 0x0000021e3ec1f118]
Event: 13.073 Thread 0x0000021e53227000 2525       4       java.nio.file.attribute.FileTime::<init> (21 bytes)
Event: 13.073 Thread 0x0000021e53227000 nmethod 2525 0x0000021e3efaeed0 code [0x0000021e3efaf000, 0x0000021e3efaf078]

GC Heap History (10 events):
Event: 3.171 GC heap before
{Heap before GC invocations=5 (full 0):
 PSYoungGen      total 70656K, used 70649K [0x00000000d6200000, 0x00000000dac00000, 0x0000000100000000)
  eden space 65536K, 100% used [0x00000000d6200000,0x00000000da200000,0x00000000da200000)
  from space 5120K, 99% used [0x00000000da700000,0x00000000dabfe790,0x00000000dac00000)
  to   space 5120K, 0% used [0x00000000da200000,0x00000000da200000,0x00000000da700000)
 ParOldGen       total 86016K, used 14206K [0x0000000082600000, 0x0000000087a00000, 0x00000000d6200000)
  object space 86016K, 16% used [0x0000000082600000,0x00000000833df990,0x0000000087a00000)
 Metaspace       used 17701K, capacity 18082K, committed 18304K, reserved 1064960K
  class space    used 1989K, capacity 2090K, committed 2176K, reserved 1048576K
Event: 3.181 GC heap after
Heap after GC invocations=5 (full 0):
 PSYoungGen      total 70656K, used 5097K [0x00000000d6200000, 0x00000000dfe00000, 0x0000000100000000)
  eden space 65536K, 0% used [0x00000000d6200000,0x00000000d6200000,0x00000000da200000)
  from space 5120K, 99% used [0x00000000da200000,0x00000000da6fa790,0x00000000da700000)
  to   space 14336K, 0% used [0x00000000df000000,0x00000000df000000,0x00000000dfe00000)
 ParOldGen       total 86016K, used 23241K [0x0000000082600000, 0x0000000087a00000, 0x00000000d6200000)
  object space 86016K, 27% used [0x0000000082600000,0x0000000083cb2498,0x0000000087a00000)
 Metaspace       used 17701K, capacity 18082K, committed 18304K, reserved 1064960K
  class space    used 1989K, capacity 2090K, committed 2176K, reserved 1048576K
}
Event: 3.887 GC heap before
{Heap before GC invocations=6 (full 0):
 PSYoungGen      total 70656K, used 70633K [0x00000000d6200000, 0x00000000dfe00000, 0x0000000100000000)
  eden space 65536K, 100% used [0x00000000d6200000,0x00000000da200000,0x00000000da200000)
  from space 5120K, 99% used [0x00000000da200000,0x00000000da6fa790,0x00000000da700000)
  to   space 14336K, 0% used [0x00000000df000000,0x00000000df000000,0x00000000dfe00000)
 ParOldGen       total 86016K, used 23241K [0x0000000082600000, 0x0000000087a00000, 0x00000000d6200000)
  object space 86016K, 27% used [0x0000000082600000,0x0000000083cb2498,0x0000000087a00000)
 Metaspace       used 17752K, capacity 18156K, committed 18304K, reserved 1064960K
  class space    used 1991K, capacity 2092K, committed 2176K, reserved 1048576K
Event: 3.897 GC heap after
Heap after GC invocations=6 (full 0):
 PSYoungGen      total 143360K, used 14280K [0x00000000d6200000, 0x00000000e0200000, 0x0000000100000000)
  eden space 129024K, 0% used [0x00000000d6200000,0x00000000d6200000,0x00000000de000000)
  from space 14336K, 99% used [0x00000000df000000,0x00000000dfdf2188,0x00000000dfe00000)
  to   space 16384K, 0% used [0x00000000de000000,0x00000000de000000,0x00000000df000000)
 ParOldGen       total 86016K, used 23249K [0x0000000082600000, 0x0000000087a00000, 0x00000000d6200000)
  object space 86016K, 27% used [0x0000000082600000,0x0000000083cb4498,0x0000000087a00000)
 Metaspace       used 17752K, capacity 18156K, committed 18304K, reserved 1064960K
  class space    used 1991K, capacity 2092K, committed 2176K, reserved 1048576K
}
Event: 4.906 GC heap before
{Heap before GC invocations=7 (full 0):
 PSYoungGen      total 143360K, used 143304K [0x00000000d6200000, 0x00000000e0200000, 0x0000000100000000)
  eden space 129024K, 100% used [0x00000000d6200000,0x00000000de000000,0x00000000de000000)
  from space 14336K, 99% used [0x00000000df000000,0x00000000dfdf2188,0x00000000dfe00000)
  to   space 16384K, 0% used [0x00000000de000000,0x00000000de000000,0x00000000df000000)
 ParOldGen       total 86016K, used 23249K [0x0000000082600000, 0x0000000087a00000, 0x00000000d6200000)
  object space 86016K, 27% used [0x0000000082600000,0x0000000083cb4498,0x0000000087a00000)
 Metaspace       used 17756K, capacity 18156K, committed 18304K, reserved 1064960K
  class space    used 1991K, capacity 2092K, committed 2176K, reserved 1048576K
Event: 4.926 GC heap after
Heap after GC invocations=7 (full 0):
 PSYoungGen      total 145408K, used 16370K [0x00000000d6200000, 0x00000000e8d00000, 0x0000000100000000)
  eden space 129024K, 0% used [0x00000000d6200000,0x00000000d6200000,0x00000000de000000)
  from space 16384K, 99% used [0x00000000de000000,0x00000000deffcac8,0x00000000df000000)
  to   space 24064K, 0% used [0x00000000e7580000,0x00000000e7580000,0x00000000e8d00000)
 ParOldGen       total 86016K, used 34107K [0x0000000082600000, 0x0000000087a00000, 0x00000000d6200000)
  object space 86016K, 39% used [0x0000000082600000,0x000000008474ec10,0x0000000087a00000)
 Metaspace       used 17756K, capacity 18156K, committed 18304K, reserved 1064960K
  class space    used 1991K, capacity 2092K, committed 2176K, reserved 1048576K
}
Event: 5.278 GC heap before
{Heap before GC invocations=8 (full 0):
 PSYoungGen      total 145408K, used 145394K [0x00000000d6200000, 0x00000000e8d00000, 0x0000000100000000)
  eden space 129024K, 100% used [0x00000000d6200000,0x00000000de000000,0x00000000de000000)
  from space 16384K, 99% used [0x00000000de000000,0x00000000deffcac8,0x00000000df000000)
  to   space 24064K, 0% used [0x00000000e7580000,0x00000000e7580000,0x00000000e8d00000)
 ParOldGen       total 86016K, used 34107K [0x0000000082600000, 0x0000000087a00000, 0x00000000d6200000)
  object space 86016K, 39% used [0x0000000082600000,0x000000008474ec10,0x0000000087a00000)
 Metaspace       used 17807K, capacity 18162K, committed 18304K, reserved 1064960K
  class space    used 1994K, capacity 2093K, committed 2176K, reserved 1048576K
Event: 5.297 GC heap after
Heap after GC invocations=8 (full 0):
 PSYoungGen      total 278016K, used 24046K [0x00000000d6200000, 0x00000000e9500000, 0x0000000100000000)
  eden space 253952K, 0% used [0x00000000d6200000,0x00000000d6200000,0x00000000e5a00000)
  from space 24064K, 99% used [0x00000000e7580000,0x00000000e8cfb900,0x00000000e8d00000)
  to   space 28160K, 0% used [0x00000000e5a00000,0x00000000e5a00000,0x00000000e7580000)
 ParOldGen       total 86016K, used 36054K [0x0000000082600000, 0x0000000087a00000, 0x00000000d6200000)
  object space 86016K, 41% used [0x0000000082600000,0x0000000084935bc8,0x0000000087a00000)
 Metaspace       used 17807K, capacity 18162K, committed 18304K, reserved 1064960K
  class space    used 1994K, capacity 2093K, committed 2176K, reserved 1048576K
}
Event: 12.275 GC heap before
{Heap before GC invocations=9 (full 0):
 PSYoungGen      total 278016K, used 277998K [0x00000000d6200000, 0x00000000e9500000, 0x0000000100000000)
  eden space 253952K, 100% used [0x00000000d6200000,0x00000000e5a00000,0x00000000e5a00000)
  from space 24064K, 99% used [0x00000000e7580000,0x00000000e8cfb900,0x00000000e8d00000)
  to   space 28160K, 0% used [0x00000000e5a00000,0x00000000e5a00000,0x00000000e7580000)
 ParOldGen       total 86016K, used 36054K [0x0000000082600000, 0x0000000087a00000, 0x00000000d6200000)
  object space 86016K, 41% used [0x0000000082600000,0x0000000084935bc8,0x0000000087a00000)
 Metaspace       used 19531K, capacity 19892K, committed 19968K, reserved 1067008K
  class space    used 2197K, capacity 2296K, committed 2304K, reserved 1048576K
Event: 12.304 GC heap after
Heap after GC invocations=9 (full 0):
 PSYoungGen      total 282112K, used 28150K [0x00000000d6200000, 0x00000000e9500000, 0x0000000100000000)
  eden space 253952K, 0% used [0x00000000d6200000,0x00000000d6200000,0x00000000e5a00000)
  from space 28160K, 99% used [0x00000000e5a00000,0x00000000e757db88,0x00000000e7580000)
  to   space 24064K, 0% used [0x00000000e7580000,0x00000000e7580000,0x00000000e8d00000)
 ParOldGen       total 86016K, used 46230K [0x0000000082600000, 0x0000000087a00000, 0x00000000d6200000)
  object space 86016K, 53% used [0x0000000082600000,0x0000000085325ab8,0x0000000087a00000)
 Metaspace       used 19531K, capacity 19892K, committed 19968K, reserved 1067008K
  class space    used 2197K, capacity 2296K, committed 2304K, reserved 1048576K
}

Deoptimization events (10 events):
Event: 11.365 Thread 0x0000021e56626800 Uncommon trap: reason=unstable_if action=reinterpret pc=0x0000021e3effa110 method=com.sun.org.apache.xerces.internal.impl.XMLEntityScanner.scanContent(Lcom/sun/org/apache/xerces/internal/xni/XMLString;)I @ 670
Event: 11.368 Thread 0x0000021e56626800 Uncommon trap: reason=unstable_if action=reinterpret pc=0x0000021e3f029938 method=org.apache.tomcat.util.IntrospectionUtils.findMethod(Ljava/lang/Class;Ljava/lang/String;[Ljava/lang/Class;)Ljava/lang/reflect/Method; @ 95
Event: 11.368 Thread 0x0000021e56626800 Uncommon trap: reason=null_check action=make_not_entrant pc=0x0000021e3ef25338 method=java.lang.StringCoding.deref(Ljava/lang/ThreadLocal;)Ljava/lang/Object; @ 4
Event: 11.385 Thread 0x0000021e56626800 Uncommon trap: reason=unstable_if action=reinterpret pc=0x0000021e3f1e0558 method=org.apache.tomcat.util.bcel.classfile.ClassParser.readClassInfo()V @ 100
Event: 11.385 Thread 0x0000021e56626800 Uncommon trap: reason=unstable_if action=reinterpret pc=0x0000021e3f1f55c0 method=org.apache.catalina.startup.ContextConfig.populateSCIsForCacheEntry(Lorg/apache/catalina/startup/ContextConfig$JavaClassCacheEntry;Ljava/util/Map;)V @ 33
Event: 12.915 Thread 0x0000021e56626800 Uncommon trap: reason=class_check action=maybe_recompile pc=0x0000021e3f219508 method=org.apache.catalina.startup.ContextConfig.checkHandlesTypes(Lorg/apache/tomcat/util/bcel/classfile/JavaClass;Ljava/util/Map;)V @ 181
Event: 12.937 Thread 0x0000021e56626800 Uncommon trap: reason=class_check action=maybe_recompile pc=0x0000021e3f1d2d70 method=java.util.jar.JarFile.getInputStream(Ljava/util/zip/ZipEntry;)Ljava/io/InputStream; @ 55
Event: 12.940 Thread 0x0000021e56626800 Uncommon trap: reason=class_check action=maybe_recompile pc=0x0000021e3f1d2d70 method=java.util.jar.JarFile.getInputStream(Ljava/util/zip/ZipEntry;)Ljava/io/InputStream; @ 55
Event: 12.945 Thread 0x0000021e56626800 Uncommon trap: reason=class_check action=maybe_recompile pc=0x0000021e3f1d2d70 method=java.util.jar.JarFile.getInputStream(Ljava/util/zip/ZipEntry;)Ljava/io/InputStream; @ 55
Event: 12.949 Thread 0x0000021e56626800 Uncommon trap: reason=class_check action=maybe_recompile pc=0x0000021e3f1d2d70 method=java.util.jar.JarFile.getInputStream(Ljava/util/zip/ZipEntry;)Ljava/io/InputStream; @ 55

Classes redefined (0 events):
No events

Internal exceptions (10 events):
Event: 1.412 Thread 0x0000021e55d64000 Exception <a 'java/lang/reflect/InvocationTargetException'> (0x00000000d739ea70) thrown at [C:\jenkins\workspace\8-2-build-windows-amd64-cygwin\jdk8u271\605\hotspot\src\share\vm\runtime\reflection.cpp, line 1092]
Event: 1.473 Thread 0x0000021e55d64000 Implicit null exception at 0x0000021e3ed463a1 to 0x0000021e3ed48a90
Event: 1.473 Thread 0x0000021e55d64000 Exception <a 'java/lang/NullPointerException'> (0x00000000d7765510) thrown at [C:\jenkins\workspace\8-2-build-windows-amd64-cygwin\jdk8u271\605\hotspot\src\share\vm\runtime\sharedRuntime.cpp, line 609]
Event: 1.473 Thread 0x0000021e55d64000 Implicit null exception at 0x0000021e3ed463a1 to 0x0000021e3ed48a90
Event: 1.473 Thread 0x0000021e55d64000 Exception <a 'java/lang/NullPointerException'> (0x00000000d7765ae8) thrown at [C:\jenkins\workspace\8-2-build-windows-amd64-cygwin\jdk8u271\605\hotspot\src\share\vm\runtime\sharedRuntime.cpp, line 609]
Event: 1.490 Thread 0x0000021e55d64000 Exception <a 'java/lang/ClassNotFoundException': org/apache/catalina/webresources/file/Handler> (0x00000000d782cb88) thrown at [C:\jenkins\workspace\8-2-build-windows-amd64-cygwin\jdk8u271\605\hotspot\src\share\vm\classfile\systemDictionary.cpp, line 212]
Event: 1.494 Thread 0x0000021e55d64000 Implicit null exception at 0x0000021e3ef6baeb to 0x0000021e3ef6e481
Event: 1.535 Thread 0x0000021e55d64000 Exception <a 'java/lang/ClassNotFoundException': org/apache/catalina/webresources/jar/Handler> (0x00000000d7b9fe28) thrown at [C:\jenkins\workspace\8-2-build-windows-amd64-cygwin\jdk8u271\605\hotspot\src\share\vm\classfile\systemDictionary.cpp, line 212]
Event: 5.755 Thread 0x0000021e55d64000 Exception <a 'java/io/FileNotFoundException'> (0x00000000dce66288) thrown at [C:\jenkins\workspace\8-2-build-windows-amd64-cygwin\jdk8u271\605\hotspot\src\share\vm\prims\jni.cpp, line 710]
Event: 11.368 Thread 0x0000021e56626800 Implicit null exception at 0x0000021e3ef24c4c to 0x0000021e3ef25329

Events (10 events):
Event: 13.013 Thread 0x0000021e56626800 DEOPT PACKING pc=0x0000021e3eef52e3 sp=0x000000d2b80fd4d0
Event: 13.013 Thread 0x0000021e56626800 DEOPT UNPACKING pc=0x0000021e3ea77898 sp=0x000000d2b80fd1f0 mode 0
Event: 13.045 loading class java/time/Instant
Event: 13.054 loading class java/time/temporal/Temporal
Event: 13.055 loading class java/time/temporal/TemporalAccessor
Event: 13.055 loading class java/time/temporal/TemporalAccessor done
Event: 13.055 loading class java/time/temporal/Temporal done
Event: 13.055 loading class java/time/temporal/TemporalAdjuster
Event: 13.055 loading class java/time/temporal/TemporalAdjuster done
Event: 13.055 loading class java/time/Instant done


Dynamic libraries:
0x00007ff750e00000 - 0x00007ff750e47000 	D:\Java\jdk-8u271\bin\java.exe
0x00007ffe5e3d0000 - 0x00007ffe5e5c6000 	C:\WINDOWS\SYSTEM32\ntdll.dll
0x00007ffe5d500000 - 0x00007ffe5d5bd000 	C:\WINDOWS\System32\KERNEL32.DLL
0x00007ffe5bc60000 - 0x00007ffe5bf29000 	C:\WINDOWS\System32\KERNELBASE.dll
0x00007ffe5ce50000 - 0x00007ffe5cefc000 	C:\WINDOWS\System32\ADVAPI32.dll
0x00007ffe5cd90000 - 0x00007ffe5ce2e000 	C:\WINDOWS\System32\msvcrt.dll
0x00007ffe5cf10000 - 0x00007ffe5cfac000 	C:\WINDOWS\System32\sechost.dll
0x00007ffe5d310000 - 0x00007ffe5d43b000 	C:\WINDOWS\System32\RPCRT4.dll
0x00007ffe5e1f0000 - 0x00007ffe5e390000 	C:\WINDOWS\System32\USER32.dll
0x00007ffe5c010000 - 0x00007ffe5c032000 	C:\WINDOWS\System32\win32u.dll
0x00007ffe5c640000 - 0x00007ffe5c66a000 	C:\WINDOWS\System32\GDI32.dll
0x00007ffe5c040000 - 0x00007ffe5c149000 	C:\WINDOWS\System32\gdi32full.dll
0x00007ffe5c150000 - 0x00007ffe5c1ed000 	C:\WINDOWS\System32\msvcp_win.dll
0x00007ffe5bb60000 - 0x00007ffe5bc60000 	C:\WINDOWS\System32\ucrtbase.dll
0x00007ffe4c080000 - 0x00007ffe4c31b000 	C:\WINDOWS\WinSxS\amd64_microsoft.windows.common-controls_6595b64144ccf1df_6.0.19041.488_none_ca04af081b815d21\COMCTL32.dll
0x00007ffe5d760000 - 0x00007ffe5d790000 	C:\WINDOWS\System32\IMM32.DLL
0x00007ffe55ef0000 - 0x00007ffe55f05000 	D:\Java\jdk-8u271\jre\bin\vcruntime140.dll
0x00007ffe34810000 - 0x00007ffe348ab000 	D:\Java\jdk-8u271\jre\bin\msvcp140.dll
0x0000000073ea0000 - 0x000000007470f000 	D:\Java\jdk-8u271\jre\bin\server\jvm.dll
0x00007ffe5cba0000 - 0x00007ffe5cba8000 	C:\WINDOWS\System32\PSAPI.DLL
0x00007ffe4a240000 - 0x00007ffe4a249000 	C:\WINDOWS\SYSTEM32\WSOCK32.dll
0x00007ffe54360000 - 0x00007ffe5436a000 	C:\WINDOWS\SYSTEM32\VERSION.dll
0x00007ffe4dcc0000 - 0x00007ffe4dce7000 	C:\WINDOWS\SYSTEM32\WINMM.dll
0x00007ffe5e180000 - 0x00007ffe5e1eb000 	C:\WINDOWS\System32\WS2_32.dll
0x00007ffe5a420000 - 0x00007ffe5a432000 	C:\WINDOWS\SYSTEM32\kernel.appcore.dll
0x00007ffe55ee0000 - 0x00007ffe55ef0000 	D:\Java\jdk-8u271\jre\bin\verify.dll
0x00007ffe55eb0000 - 0x00007ffe55edb000 	D:\Java\jdk-8u271\jre\bin\java.dll
0x00007ffe537f0000 - 0x00007ffe53808000 	D:\Java\jdk-8u271\jre\bin\zip.dll
0x00007ffe5d9a0000 - 0x00007ffe5e0e2000 	C:\WINDOWS\System32\SHELL32.dll
0x00007ffe59b20000 - 0x00007ffe5a2b5000 	C:\WINDOWS\SYSTEM32\windows.storage.dll
0x00007ffe5cfb0000 - 0x00007ffe5d306000 	C:\WINDOWS\System32\combase.dll
0x00007ffe5b580000 - 0x00007ffe5b5ac000 	C:\WINDOWS\SYSTEM32\Wldp.dll
0x00007ffe5d450000 - 0x00007ffe5d4fe000 	C:\WINDOWS\System32\SHCORE.dll
0x00007ffe5cb40000 - 0x00007ffe5cb95000 	C:\WINDOWS\System32\shlwapi.dll
0x00007ffe5ba40000 - 0x00007ffe5ba66000 	C:\WINDOWS\SYSTEM32\profapi.dll
0x00007ffe54f30000 - 0x00007ffe54f3d000 	D:\java\jdk-8u271\jre\bin\management.dll
0x00007ffe53720000 - 0x00007ffe5373c000 	D:\java\jdk-8u271\jre\bin\net.dll
0x00007ffe5b300000 - 0x00007ffe5b36a000 	C:\WINDOWS\system32\mswsock.dll
0x00007ffe53570000 - 0x00007ffe53583000 	D:\java\jdk-8u271\jre\bin\nio.dll
0x00007ffe2f970000 - 0x00007ffe2f987000 	C:\WINDOWS\system32\napinsp.dll
0x00007ffe2f950000 - 0x00007ffe2f96b000 	C:\WINDOWS\system32\pnrpnsp.dll
0x00007ffe568b0000 - 0x00007ffe568c5000 	C:\WINDOWS\system32\wshbth.dll
0x00007ffe572d0000 - 0x00007ffe572ed000 	C:\WINDOWS\system32\NLAapi.dll
0x00007ffe5afa0000 - 0x00007ffe5afdb000 	C:\WINDOWS\SYSTEM32\IPHLPAPI.DLL
0x00007ffe5aff0000 - 0x00007ffe5b0bb000 	C:\WINDOWS\SYSTEM32\DNSAPI.dll
0x00007ffe5cf00000 - 0x00007ffe5cf08000 	C:\WINDOWS\System32\NSI.dll
0x00007ffe2f930000 - 0x00007ffe2f942000 	C:\WINDOWS\System32\winrnr.dll
0x0000000063560000 - 0x0000000063569000 	C:\Program Files\National Instruments\Shared\mDNS Responder\nimdnsNSP.dll
0x0000000063550000 - 0x000000006355e000 	C:\WINDOWS\SYSTEM32\nimdnsResponder.dll
0x00000000767f0000 - 0x0000000076893000 	C:\WINDOWS\WinSxS\amd64_microsoft.vc90.crt_1fc8b3b9a1e18e3b_9.0.30729.9625_none_08e1c10da83fbc83\MSVCR90.dll
0x00007ffe54330000 - 0x00007ffe5433a000 	C:\Windows\System32\rasadhlp.dll
0x00007ffe4ff60000 - 0x00007ffe4ffdf000 	C:\WINDOWS\System32\fwpuclnt.dll
0x00007ffe5bfe0000 - 0x00007ffe5c007000 	C:\WINDOWS\System32\bcrypt.dll
0x00007ffe5b4d0000 - 0x00007ffe5b4e8000 	C:\WINDOWS\SYSTEM32\CRYPTSP.dll
0x00007ffe5ac20000 - 0x00007ffe5ac54000 	C:\WINDOWS\system32\rsaenh.dll
0x00007ffe5ba00000 - 0x00007ffe5ba2e000 	C:\WINDOWS\SYSTEM32\USERENV.dll
0x00007ffe5c3b0000 - 0x00007ffe5c430000 	C:\WINDOWS\System32\bcryptprimitives.dll
0x00007ffe5b4f0000 - 0x00007ffe5b4fc000 	C:\WINDOWS\SYSTEM32\CRYPTBASE.dll
0x00007ffe52120000 - 0x00007ffe52137000 	C:\WINDOWS\SYSTEM32\dhcpcsvc6.DLL
0x00007ffe52ad0000 - 0x00007ffe52aed000 	C:\WINDOWS\SYSTEM32\dhcpcsvc.DLL
0x0000000180000000 - 0x0000000180282000 	D:\HouDuan\apache-tomcat-9.0.31\bin\tcnative-1.dll
0x00007ffe5c1f0000 - 0x00007ffe5c34d000 	C:\WINDOWS\System32\CRYPT32.dll
0x00007ffe4d3d0000 - 0x00007ffe4d3f4000 	D:\java\jdk-8u271\jre\bin\sunec.dll
0x00007ffe54d20000 - 0x00007ffe54d2d000 	D:\java\jdk-8u271\jre\bin\sunmscapi.dll
0x00007ffe5b5f0000 - 0x00007ffe5b617000 	C:\WINDOWS\SYSTEM32\ncrypt.dll
0x00007ffe5b5b0000 - 0x00007ffe5b5eb000 	C:\WINDOWS\SYSTEM32\NTASN1.dll
0x00007ffe58f80000 - 0x00007ffe59164000 	C:\WINDOWS\SYSTEM32\dbghelp.dll

VM Arguments:
jvm_args: -Djava.util.logging.config.file=C:\Users\HEYUANFLY\AppData\Local\JetBrains\IntelliJIdea2020.3\tomcat\73a6b7c5-c7a3-4c96-8d73-2d248b7c22c4\conf\logging.properties -Djava.util.logging.manager=org.apache.juli.ClassLoaderLogManager -Dcom.sun.management.jmxremote= -Dcom.sun.management.jmxremote.port=1099 -Dcom.sun.management.jmxremote.ssl=false -Dcom.sun.management.jmxremote.password.file=C:\Users\HEYUANFLY\AppData\Local\JetBrains\IntelliJIdea2020.3\tomcat\73a6b7c5-c7a3-4c96-8d73-2d248b7c22c4\jmxremote.password -Dcom.sun.management.jmxremote.access.file=C:\Users\HEYUANFLY\AppData\Local\JetBrains\IntelliJIdea2020.3\tomcat\73a6b7c5-c7a3-4c96-8d73-2d248b7c22c4\jmxremote.access -Djava.rmi.server.hostname=127.0.0.1 -Djdk.tls.ephemeralDHKeySize=2048 -Djava.protocol.handler.pkgs=org.apache.catalina.webresources -Dignore.endorsed.dirs= -Dcatalina.base=C:\Users\HEYUANFLY\AppData\Local\JetBrains\IntelliJIdea2020.3\tomcat\73a6b7c5-c7a3-4c96-8d73-2d248b7c22c4 -Dcatalina.home=D:\HouDuan\apache-tomcat-8.5.60 -Djava.io.tmpdir=D:\HouDuan\apache-tomcat-8.5.60\temp 
java_command: org.apache.catalina.startup.Bootstrap start
java_class_path (initial): D:\HouDuan\apache-tomcat-8.5.60\bin\bootstrap.jar;D:\HouDuan\apache-tomcat-8.5.60\bin\tomcat-juli.jar
Launcher Type: SUN_STANDARD

Environment Variables:
JAVA_HOME=D:\Java\jdk-8u271
JRE_HOME=D:\Java\jdk-8u271
CLASSPATH=D:\HouDuan\apache-tomcat-8.5.60\bin\bootstrap.jar;D:\HouDuan\apache-tomcat-8.5.60\bin\tomcat-juli.jar
USERNAME=HEYUANFLY
OS=Windows_NT
PROCESSOR_IDENTIFIER=Intel64 Family 6 Model 142 Stepping 11, GenuineIntel



---------------  S Y S T E M  ---------------

OS: Windows 10.0 , 64 bit Build 19041 (10.0.19041.662)

CPU:total 8 (initial active 8) (4 cores per cpu, 2 threads per core) family 6 model 142 stepping 11, cmov, cx8, fxsr, mmx, sse, sse2, sse3, ssse3, sse4.1, sse4.2, popcnt, avx, avx2, aes, clmul, erms, 3dnowpref, lzcnt, ht, tsc, tscinvbit, bmi1, bmi2, adx

Memory: 4k page, physical 8230708k(523620k free), swap 18716464k(5748k free)

vm_info: Java HotSpot(TM) 64-Bit Server VM (25.271-b09) for windows-amd64 JRE (1.8.0_271-b09), built on Sep 16 2020 19:14:59 by "" with MS VC++ 15.9 (VS2017)

time: Thu Jan  7 20:10:00 2021
timezone: 中国标准时间
elapsed time: 13.195975 seconds (0d 0h 0m 13s)

